#
# There is insufficient memory for the Java Runtime Environment to continue.
# Native memory allocation (malloc) failed to allocate 95600 bytes for Chunk::new
# Possible reasons:
#   The system is out of physical RAM or swap space
#   The process is running with CompressedOops enabled, and the Java Heap may be blocking the growth of the native heap
# Possible solutions:
#   Reduce memory load on the system
#   Increase physical memory or swap space
#   Check if swap backing store is full
#   Decrease Java heap size (-Xmx/-Xms)
#   Decrease number of Java threads
#   Decrease Java thread stack sizes (-Xss)
#   Set larger code cache with -XX:ReservedCodeCacheSize=
#   JVM is running with Unscaled Compressed Oops mode in which the Java heap is
#     placed in the first 4GB address space. The Java Heap base address is the
#     maximum limit for the native heap growth. Please use -XX:HeapBaseMinAddress
#     to set the Java Heap base and to place the Java Heap above 4GB virtual address.
# This output file may be truncated or incomplete.
#
#  Out of Memory Error (src/hotspot/share/memory/arena.cpp:197), pid=16308, tid=20288
#
# JRE version: OpenJDK Runtime Environment (11.0.15) (build 11.0.15+0-b2043.56-9505619)
# Java VM: OpenJDK 64-Bit Server VM (11.0.15+0-b2043.56-9505619, mixed mode, tiered, compressed oops, g1 gc, windows-amd64)
# No core dump will be written. Minidumps are not enabled by default on client versions of Windows
#

---------------  S U M M A R Y ------------

Command Line: --add-opens=java.base/java.util=ALL-UNNAMED --add-opens=java.base/java.lang=ALL-UNNAMED --add-opens=java.base/java.lang.invoke=ALL-UNNAMED --add-opens=java.base/java.util=ALL-UNNAMED --add-opens=java.prefs/java.util.prefs=ALL-UNNAMED --add-opens=java.prefs/java.util.prefs=ALL-UNNAMED --add-opens=java.base/java.nio.charset=ALL-UNNAMED --add-opens=java.base/java.net=ALL-UNNAMED --add-opens=java.base/java.util.concurrent.atomic=ALL-UNNAMED -Xmx1536M -Dfile.encoding=windows-1252 -Duser.country=US -Duser.language=en -Duser.variant org.gradle.launcher.daemon.bootstrap.GradleDaemon 7.5

Host: Intel(R) Core(TM) i5-6200U CPU @ 2.30GHz, 4 cores, 11G,  Windows 10 , 64 bit Build 19041 (10.0.19041.2913)
Time: Fri May 12 19:43:09 2023 Egypt Daylight Time elapsed time: 62.063674 seconds (0d 0h 1m 2s)

---------------  T H R E A D  ---------------

Current thread (0x00000154330ad000):  JavaThread "C2 CompilerThread1" daemon [_thread_in_native, id=20288, stack(0x0000004877900000,0x0000004877a00000)]


Current CompileTask:
C2:  62063 7677       4       java.beans.Introspector::addMethod (196 bytes)

Stack: [0x0000004877900000,0x0000004877a00000]
Native frames: (J=compiled Java code, j=interpreted, Vv=VM code, C=native code)
V  [jvm.dll+0x64135a]
V  [jvm.dll+0x7d39f9]
V  [jvm.dll+0x7d51b9]
V  [jvm.dll+0x7d58a3]
V  [jvm.dll+0x2691c5]
V  [jvm.dll+0xc1a5c]
V  [jvm.dll+0xc200c]
V  [jvm.dll+0x2da8e7]
V  [jvm.dll+0x54cad9]
V  [jvm.dll+0x220c9d]
V  [jvm.dll+0x223152]
V  [jvm.dll+0x220384]
V  [jvm.dll+0x19e851]
V  [jvm.dll+0x230479]
V  [jvm.dll+0x22e5ef]
V  [jvm.dll+0x794de1]
V  [jvm.dll+0x78dc24]
V  [jvm.dll+0x6400f6]
C  [ucrtbase.dll+0x21bb2]
C  [KERNEL32.DLL+0x17614]
C  [ntdll.dll+0x526a1]


---------------  P R O C E S S  ---------------

Threads class SMR info:
_java_thread_list=0x000001543223e5a0, length=79, elements={
0x000001541714a800, 0x000001542fa9c800, 0x000001542fa9e000, 0x000001543030c800,
0x000001543030f000, 0x0000015430310800, 0x0000015430314000, 0x000001543031e800,
0x0000015430322800, 0x0000015430473000, 0x0000015431cf7000, 0x0000015431f30000,
0x0000015431afe000, 0x0000015432493000, 0x0000015432472000, 0x0000015430a24800,
0x00000154312d4000, 0x00000154312d4800, 0x000001543314d800, 0x000001543314e800,
0x00000154303c5000, 0x00000154303c7000, 0x00000154303c6800, 0x00000154303c5800,
0x00000154330c1000, 0x00000154330c2800, 0x00000154330c3000, 0x00000154330c1800,
0x00000154330c4000, 0x00000154330be800, 0x00000154330c5000, 0x0000015430b76000,
0x0000015430b74800, 0x0000015430b71000, 0x0000015430b75000, 0x0000015430b77800,
0x0000015430b78800, 0x0000015430b73000, 0x0000015430b79800, 0x0000015430b73800,
0x0000015430b7f000, 0x0000015430b7a000, 0x0000015430b7b000, 0x0000015430b7c000,
0x0000015430b7e000, 0x0000015430b7c800, 0x0000015430b7d800, 0x0000015433f1c800,
0x0000015433f1d800, 0x0000015433f18800, 0x0000015433f1a000, 0x0000015433f1b800,
0x0000015433f1b000, 0x0000015433f17800, 0x0000015433f1e000, 0x0000015433f19000,
0x0000015436e26000, 0x0000015436e29800, 0x0000015436e2c000, 0x0000015436e27800,
0x0000015436e2a000, 0x0000015436e2b000, 0x0000015436e2c800, 0x0000015436e27000,
0x0000015436e28800, 0x0000015436e30800, 0x0000015436e31800, 0x0000015436e2e800,
0x0000015436e32800, 0x0000015436e33000, 0x0000015436e2d800, 0x0000015436e30000,
0x0000015436e34000, 0x0000015436e35000, 0x0000015436e2f000, 0x0000015433f81000,
0x0000015433f80800, 0x0000015433f82000, 0x00000154330ad000
}

Java Threads: ( => current thread )
  0x000001541714a800 JavaThread "main" [_thread_blocked, id=21720, stack(0x0000004877c00000,0x0000004877d00000)]
  0x000001542fa9c800 JavaThread "Reference Handler" daemon [_thread_blocked, id=10496, stack(0x0000004878300000,0x0000004878400000)]
  0x000001542fa9e000 JavaThread "Finalizer" daemon [_thread_blocked, id=14288, stack(0x0000004878400000,0x0000004878500000)]
  0x000001543030c800 JavaThread "Signal Dispatcher" daemon [_thread_blocked, id=17128, stack(0x0000004878500000,0x0000004878600000)]
  0x000001543030f000 JavaThread "Attach Listener" daemon [_thread_blocked, id=828, stack(0x0000004878600000,0x0000004878700000)]
  0x0000015430310800 JavaThread "Service Thread" daemon [_thread_blocked, id=1524, stack(0x0000004878700000,0x0000004878800000)]
  0x0000015430314000 JavaThread "C2 CompilerThread0" daemon [_thread_in_native, id=6988, stack(0x0000004878800000,0x0000004878900000)]
  0x000001543031e800 JavaThread "C1 CompilerThread0" daemon [_thread_in_native, id=15628, stack(0x0000004878900000,0x0000004878a00000)]
  0x0000015430322800 JavaThread "Sweeper thread" daemon [_thread_blocked, id=8684, stack(0x0000004878a00000,0x0000004878b00000)]
  0x0000015430473000 JavaThread "Common-Cleaner" daemon [_thread_blocked, id=13632, stack(0x0000004878b00000,0x0000004878c00000)]
  0x0000015431cf7000 JavaThread "Daemon health stats" [_thread_blocked, id=22236, stack(0x0000004879100000,0x0000004879200000)]
  0x0000015431f30000 JavaThread "Incoming local TCP Connector on port 53286" [_thread_in_native, id=22968, stack(0x0000004878d00000,0x0000004878e00000)]
  0x0000015431afe000 JavaThread "Daemon periodic checks" [_thread_blocked, id=19628, stack(0x0000004879200000,0x0000004879300000)]
  0x0000015432493000 JavaThread "Daemon" [_thread_blocked, id=23400, stack(0x0000004879300000,0x0000004879400000)]
  0x0000015432472000 JavaThread "Handler for socket connection from /127.0.0.1:53286 to /127.0.0.1:53288" [_thread_in_native, id=19832, stack(0x0000004879400000,0x0000004879500000)]
  0x0000015430a24800 JavaThread "Cancel handler" [_thread_blocked, id=19764, stack(0x0000004879500000,0x0000004879600000)]
  0x00000154312d4000 JavaThread "Daemon worker" [_thread_in_vm, id=7472, stack(0x0000004879600000,0x0000004879700000)]
  0x00000154312d4800 JavaThread "Asynchronous log dispatcher for DefaultDaemonConnection: socket connection from /127.0.0.1:53286 to /127.0.0.1:53288" [_thread_blocked, id=19444, stack(0x0000004879700000,0x0000004879800000)]
  0x000001543314d800 JavaThread "Stdin handler" [_thread_blocked, id=20088, stack(0x0000004879800000,0x0000004879900000)]
  0x000001543314e800 JavaThread "Daemon client event forwarder" [_thread_blocked, id=20564, stack(0x0000004879900000,0x0000004879a00000)]
  0x00000154303c5000 JavaThread "Cache worker for journal cache (C:\Users\DODO\.gradle\caches\journal-1)" [_thread_blocked, id=19668, stack(0x0000004879a00000,0x0000004879b00000)]
  0x00000154303c7000 JavaThread "File lock request listener" [_thread_in_native, id=21496, stack(0x0000004879b00000,0x0000004879c00000)]
  0x00000154303c6800 JavaThread "Cache worker for file hash cache (C:\Users\DODO\.gradle\caches\7.5\fileHashes)" [_thread_blocked, id=17180, stack(0x0000004879c00000,0x0000004879d00000)]
  0x00000154303c5800 JavaThread "File watcher server" daemon [_thread_in_native, id=9932, stack(0x0000004879d00000,0x0000004879e00000)]
  0x00000154330c1000 JavaThread "File watcher consumer" daemon [_thread_blocked, id=15784, stack(0x0000004879e00000,0x0000004879f00000)]
  0x00000154330c2800 JavaThread "Cache worker for checksums cache (C:\Users\DODO\StudioProjects\untitled1\android\.gradle\7.5\checksums)" [_thread_blocked, id=3224, stack(0x0000004879f00000,0x000000487a000000)]
  0x00000154330c3000 JavaThread "Cache worker for cache directory md-rule (C:\Users\DODO\.gradle\caches\7.5\md-rule)" [_thread_blocked, id=10644, stack(0x000000487a000000,0x000000487a100000)]
  0x00000154330c1800 JavaThread "Cache worker for file content cache (C:\Users\DODO\.gradle\caches\7.5\fileContent)" [_thread_blocked, id=16920, stack(0x000000487a100000,0x000000487a200000)]
  0x00000154330c4000 JavaThread "Cache worker for file hash cache (C:\Users\DODO\StudioProjects\untitled1\android\.gradle\7.5\fileHashes)" [_thread_blocked, id=22684, stack(0x000000487a200000,0x000000487a300000)]
  0x00000154330be800 JavaThread "Cache worker for cache directory md-supplier (C:\Users\DODO\.gradle\caches\7.5\md-supplier)" [_thread_blocked, id=17848, stack(0x000000487a300000,0x000000487a400000)]
  0x00000154330c5000 JavaThread "Cache worker for execution history cache (C:\Users\DODO\.gradle\caches\7.5\executionHistory)" [_thread_blocked, id=23404, stack(0x000000487a400000,0x000000487a500000)]
  0x0000015430b76000 JavaThread "jar transforms" [_thread_blocked, id=15056, stack(0x000000487a500000,0x000000487a600000)]
  0x0000015430b74800 JavaThread "jar transforms Thread 2" [_thread_blocked, id=21440, stack(0x000000487a600000,0x000000487a700000)]
  0x0000015430b71000 JavaThread "jar transforms Thread 3" [_thread_blocked, id=17996, stack(0x000000487a800000,0x000000487a900000)]
  0x0000015430b75000 JavaThread "jar transforms Thread 4" [_thread_blocked, id=9276, stack(0x000000487a900000,0x000000487aa00000)]
  0x0000015430b77800 JavaThread "Cache worker for dependencies-accessors (C:\Users\DODO\StudioProjects\untitled1\android\.gradle\7.5\dependencies-accessors)" [_thread_blocked, id=22956, stack(0x000000487aa00000,0x000000487ab00000)]
  0x0000015430b78800 JavaThread "Cache worker for Build Output Cleanup Cache (C:\Users\DODO\StudioProjects\untitled1\android\.gradle\buildOutputCleanup)" [_thread_blocked, id=11020, stack(0x000000487ab00000,0x000000487ac00000)]
  0x0000015430b73000 JavaThread "Unconstrained build operations" [_thread_blocked, id=20032, stack(0x000000487ac00000,0x000000487ad00000)]
  0x0000015430b79800 JavaThread "Unconstrained build operations Thread 2" [_thread_blocked, id=21248, stack(0x000000487ad00000,0x000000487ae00000)]
  0x0000015430b73800 JavaThread "Unconstrained build operations Thread 3" [_thread_blocked, id=21516, stack(0x000000487ae00000,0x000000487af00000)]
  0x0000015430b7f000 JavaThread "Unconstrained build operations Thread 4" [_thread_blocked, id=21072, stack(0x000000487af00000,0x000000487b000000)]
  0x0000015430b7a000 JavaThread "Unconstrained build operations Thread 5" [_thread_blocked, id=22496, stack(0x000000487b000000,0x000000487b100000)]
  0x0000015430b7b000 JavaThread "Unconstrained build operations Thread 6" [_thread_blocked, id=18408, stack(0x000000487b100000,0x000000487b200000)]
  0x0000015430b7c000 JavaThread "Unconstrained build operations Thread 7" [_thread_blocked, id=13296, stack(0x000000487b200000,0x000000487b300000)]
  0x0000015430b7e000 JavaThread "Unconstrained build operations Thread 8" [_thread_blocked, id=5112, stack(0x000000487b300000,0x000000487b400000)]
  0x0000015430b7c800 JavaThread "Unconstrained build operations Thread 9" [_thread_blocked, id=8788, stack(0x000000487b400000,0x000000487b500000)]
  0x0000015430b7d800 JavaThread "Unconstrained build operations Thread 10" [_thread_blocked, id=22936, stack(0x000000487b500000,0x000000487b600000)]
  0x0000015433f1c800 JavaThread "Unconstrained build operations Thread 11" [_thread_blocked, id=1652, stack(0x000000487b600000,0x000000487b700000)]
  0x0000015433f1d800 JavaThread "Unconstrained build operations Thread 12" [_thread_blocked, id=23012, stack(0x000000487b700000,0x000000487b800000)]
  0x0000015433f18800 JavaThread "Unconstrained build operations Thread 13" [_thread_blocked, id=13768, stack(0x000000487b800000,0x000000487b900000)]
  0x0000015433f1a000 JavaThread "Unconstrained build operations Thread 14" [_thread_blocked, id=23420, stack(0x000000487b900000,0x000000487ba00000)]
  0x0000015433f1b800 JavaThread "Unconstrained build operations Thread 15" [_thread_blocked, id=18048, stack(0x000000487ba00000,0x000000487bb00000)]
  0x0000015433f1b000 JavaThread "Unconstrained build operations Thread 16" [_thread_blocked, id=11540, stack(0x000000487bb00000,0x000000487bc00000)]
  0x0000015433f17800 JavaThread "Unconstrained build operations Thread 17" [_thread_blocked, id=10880, stack(0x000000487bc00000,0x000000487bd00000)]
  0x0000015433f1e000 JavaThread "Unconstrained build operations Thread 18" [_thread_blocked, id=21816, stack(0x000000487bd00000,0x000000487be00000)]
  0x0000015433f19000 JavaThread "Unconstrained build operations Thread 19" [_thread_blocked, id=10120, stack(0x000000487be00000,0x000000487bf00000)]
  0x0000015436e26000 JavaThread "Unconstrained build operations Thread 20" [_thread_blocked, id=20316, stack(0x000000487bf00000,0x000000487c000000)]
  0x0000015436e29800 JavaThread "Unconstrained build operations Thread 21" [_thread_blocked, id=16268, stack(0x000000487c000000,0x000000487c100000)]
  0x0000015436e2c000 JavaThread "Unconstrained build operations Thread 22" [_thread_blocked, id=17532, stack(0x000000487c100000,0x000000487c200000)]
  0x0000015436e27800 JavaThread "Unconstrained build operations Thread 23" [_thread_blocked, id=23120, stack(0x000000487c200000,0x000000487c300000)]
  0x0000015436e2a000 JavaThread "Unconstrained build operations Thread 24" [_thread_blocked, id=18476, stack(0x000000487c300000,0x000000487c400000)]
  0x0000015436e2b000 JavaThread "Unconstrained build operations Thread 25" [_thread_blocked, id=15408, stack(0x000000487c400000,0x000000487c500000)]
  0x0000015436e2c800 JavaThread "Unconstrained build operations Thread 26" [_thread_blocked, id=19048, stack(0x000000487c500000,0x000000487c600000)]
  0x0000015436e27000 JavaThread "Unconstrained build operations Thread 27" [_thread_blocked, id=10276, stack(0x000000487c600000,0x000000487c700000)]
  0x0000015436e28800 JavaThread "Unconstrained build operations Thread 28" [_thread_blocked, id=17896, stack(0x000000487c700000,0x000000487c800000)]
  0x0000015436e30800 JavaThread "Unconstrained build operations Thread 29" [_thread_blocked, id=18964, stack(0x000000487c800000,0x000000487c900000)]
  0x0000015436e31800 JavaThread "Unconstrained build operations Thread 30" [_thread_blocked, id=15732, stack(0x000000487c900000,0x000000487ca00000)]
  0x0000015436e2e800 JavaThread "Unconstrained build operations Thread 31" [_thread_blocked, id=20536, stack(0x000000487ca00000,0x000000487cb00000)]
  0x0000015436e32800 JavaThread "Unconstrained build operations Thread 32" [_thread_blocked, id=13624, stack(0x000000487cb00000,0x000000487cc00000)]
  0x0000015436e33000 JavaThread "Unconstrained build operations Thread 33" [_thread_blocked, id=10948, stack(0x000000487cc00000,0x000000487cd00000)]
  0x0000015436e2d800 JavaThread "Unconstrained build operations Thread 34" [_thread_blocked, id=10616, stack(0x000000487cd00000,0x000000487ce00000)]
  0x0000015436e30000 JavaThread "Unconstrained build operations Thread 35" [_thread_blocked, id=19860, stack(0x000000487ce00000,0x000000487cf00000)]
  0x0000015436e34000 JavaThread "Unconstrained build operations Thread 36" [_thread_blocked, id=5244, stack(0x000000487cf00000,0x000000487d000000)]
  0x0000015436e35000 JavaThread "Unconstrained build operations Thread 37" [_thread_blocked, id=22152, stack(0x000000487d000000,0x000000487d100000)]
  0x0000015436e2f000 JavaThread "Unconstrained build operations Thread 38" [_thread_blocked, id=22852, stack(0x000000487d100000,0x000000487d200000)]
  0x0000015433f81000 JavaThread "Unconstrained build operations Thread 39" [_thread_blocked, id=4012, stack(0x000000487d200000,0x000000487d300000)]
  0x0000015433f80800 JavaThread "Unconstrained build operations Thread 40" [_thread_blocked, id=4608, stack(0x000000487d300000,0x000000487d400000)]
  0x0000015433f82000 JavaThread "Memory manager" [_thread_blocked, id=17864, stack(0x000000487d400000,0x000000487d500000)]
=>0x00000154330ad000 JavaThread "C2 CompilerThread1" daemon [_thread_in_native, id=20288, stack(0x0000004877900000,0x0000004877a00000)]

Other Threads:
  0x000001542fa97000 VMThread "VM Thread" [stack: 0x0000004878200000,0x0000004878300000] [id=13268]
  0x0000015430488800 WatcherThread [stack: 0x0000004878c00000,0x0000004878d00000] [id=15288]
  0x0000015417164000 GCTaskThread "GC Thread#0" [stack: 0x0000004877d00000,0x0000004877e00000] [id=14188]
  0x0000015430fa4800 GCTaskThread "GC Thread#1" [stack: 0x0000004878e00000,0x0000004878f00000] [id=7104]
  0x0000015430f93000 GCTaskThread "GC Thread#2" [stack: 0x0000004878f00000,0x0000004879000000] [id=4456]
  0x0000015430f78000 GCTaskThread "GC Thread#3" [stack: 0x0000004879000000,0x0000004879100000] [id=13608]
  0x0000015417189800 ConcurrentGCThread "G1 Main Marker" [stack: 0x0000004877e00000,0x0000004877f00000] [id=23412]
  0x000001541718b000 ConcurrentGCThread "G1 Conc#0" [stack: 0x0000004877f00000,0x0000004878000000] [id=15324]
  0x000001541721d800 ConcurrentGCThread "G1 Refine#0" [stack: 0x0000004878000000,0x0000004878100000] [id=4228]
  0x000001542f8e0800 ConcurrentGCThread "G1 Young RemSet Sampling" [stack: 0x0000004878100000,0x0000004878200000] [id=7000]

Threads with active compile tasks:
C2 CompilerThread0    62156 7698       4       com.sun.beans.TypeResolver::resolve (37 bytes)
C2 CompilerThread1    62156 7677       4       java.beans.Introspector::addMethod (196 bytes)

VM state:not at safepoint (normal execution)

VM Mutex/Monitor currently owned by a thread: None

Heap address: 0x00000000a0000000, size: 1536 MB, Compressed Oops mode: 32-bit
Narrow klass base: 0x0000000000000000, Narrow klass shift: 3
Compressed class space size: 1073741824 Address: 0x0000000100000000

Heap:
 garbage-first heap   total 194560K, used 131507K [0x00000000a0000000, 0x0000000100000000)
  region size 1024K, 83 young (84992K), 12 survivors (12288K)
 Metaspace       used 69773K, capacity 71618K, committed 71760K, reserved 1112064K
  class space    used 8734K, capacity 9459K, committed 9472K, reserved 1048576K
Heap Regions: E=young(eden), S=young(survivor), O=old, HS=humongous(starts), HC=humongous(continues), CS=collection set, F=free, A=archive, TAMS=top-at-mark-start (previous, next)
|   0|0x00000000a0000000, 0x00000000a0100000, 0x00000000a0100000|100%|HS|  |TAMS 0x00000000a0100000, 0x00000000a0000000| Complete 
|   1|0x00000000a0100000, 0x00000000a0200000, 0x00000000a0200000|100%|HC|  |TAMS 0x00000000a0200000, 0x00000000a0100000| Complete 
|   2|0x00000000a0200000, 0x00000000a0300000, 0x00000000a0300000|100%|HC|  |TAMS 0x00000000a0300000, 0x00000000a0200000| Complete 
|   3|0x00000000a0300000, 0x00000000a0400000, 0x00000000a0400000|100%| O|  |TAMS 0x00000000a0400000, 0x00000000a0300000| Untracked 
|   4|0x00000000a0400000, 0x00000000a0500000, 0x00000000a0500000|100%| O|  |TAMS 0x00000000a0500000, 0x00000000a0400000| Untracked 
|   5|0x00000000a0500000, 0x00000000a0600000, 0x00000000a0600000|100%| O|  |TAMS 0x00000000a0600000, 0x00000000a0500000| Untracked 
|   6|0x00000000a0600000, 0x00000000a0700000, 0x00000000a0700000|100%| O|  |TAMS 0x00000000a0700000, 0x00000000a0600000| Untracked 
|   7|0x00000000a0700000, 0x00000000a0800000, 0x00000000a0800000|100%| O|  |TAMS 0x00000000a0800000, 0x00000000a0700000| Untracked 
|   8|0x00000000a0800000, 0x00000000a0900000, 0x00000000a0900000|100%| O|  |TAMS 0x00000000a0900000, 0x00000000a0800000| Untracked 
|   9|0x00000000a0900000, 0x00000000a0a00000, 0x00000000a0a00000|100%| O|  |TAMS 0x00000000a0a00000, 0x00000000a0900000| Untracked 
|  10|0x00000000a0a00000, 0x00000000a0b00000, 0x00000000a0b00000|100%| O|  |TAMS 0x00000000a0b00000, 0x00000000a0a00000| Untracked 
|  11|0x00000000a0b00000, 0x00000000a0c00000, 0x00000000a0c00000|100%| O|  |TAMS 0x00000000a0c00000, 0x00000000a0b00000| Untracked 
|  12|0x00000000a0c00000, 0x00000000a0d00000, 0x00000000a0d00000|100%| O|  |TAMS 0x00000000a0d00000, 0x00000000a0c00000| Untracked 
|  13|0x00000000a0d00000, 0x00000000a0e00000, 0x00000000a0e00000|100%|HS|  |TAMS 0x00000000a0e00000, 0x00000000a0d00000| Complete 
|  14|0x00000000a0e00000, 0x00000000a0f00000, 0x00000000a0f00000|100%|HS|  |TAMS 0x00000000a0f00000, 0x00000000a0e00000| Complete 
|  15|0x00000000a0f00000, 0x00000000a1000000, 0x00000000a1000000|100%|HS|  |TAMS 0x00000000a1000000, 0x00000000a0f00000| Complete 
|  16|0x00000000a1000000, 0x00000000a1100000, 0x00000000a1100000|100%| O|  |TAMS 0x00000000a1100000, 0x00000000a1000000| Untracked 
|  17|0x00000000a1100000, 0x00000000a1200000, 0x00000000a1200000|100%| O|  |TAMS 0x00000000a1200000, 0x00000000a1100000| Untracked 
|  18|0x00000000a1200000, 0x00000000a1300000, 0x00000000a1300000|100%| O|  |TAMS 0x00000000a1300000, 0x00000000a1200000| Untracked 
|  19|0x00000000a1300000, 0x00000000a1400000, 0x00000000a1400000|100%| O|  |TAMS 0x00000000a1400000, 0x00000000a1300000| Untracked 
|  20|0x00000000a1400000, 0x00000000a1500000, 0x00000000a1500000|100%|HS|  |TAMS 0x00000000a1500000, 0x00000000a1400000| Complete 
|  21|0x00000000a1500000, 0x00000000a1600000, 0x00000000a1600000|100%|HC|  |TAMS 0x00000000a1600000, 0x00000000a1500000| Complete 
|  22|0x00000000a1600000, 0x00000000a1700000, 0x00000000a1700000|100%|HC|  |TAMS 0x00000000a1700000, 0x00000000a1600000| Complete 
|  23|0x00000000a1700000, 0x00000000a1800000, 0x00000000a1800000|100%| O|  |TAMS 0x00000000a1800000, 0x00000000a1700000| Untracked 
|  24|0x00000000a1800000, 0x00000000a1900000, 0x00000000a1900000|100%| O|  |TAMS 0x00000000a1900000, 0x00000000a1800000| Untracked 
|  25|0x00000000a1900000, 0x00000000a1a00000, 0x00000000a1a00000|100%| O|  |TAMS 0x00000000a1a00000, 0x00000000a1900000| Untracked 
|  26|0x00000000a1a00000, 0x00000000a1b00000, 0x00000000a1b00000|100%| O|  |TAMS 0x00000000a1b00000, 0x00000000a1a00000| Untracked 
|  27|0x00000000a1b00000, 0x00000000a1c00000, 0x00000000a1c00000|100%| O|  |TAMS 0x00000000a1c00000, 0x00000000a1b00000| Untracked 
|  28|0x00000000a1c00000, 0x00000000a1d00000, 0x00000000a1d00000|100%|HS|  |TAMS 0x00000000a1d00000, 0x00000000a1c00000| Complete 
|  29|0x00000000a1d00000, 0x00000000a1e00000, 0x00000000a1e00000|100%|HC|  |TAMS 0x00000000a1e00000, 0x00000000a1d00000| Complete 
|  30|0x00000000a1e00000, 0x00000000a1f00000, 0x00000000a1f00000|100%| O|  |TAMS 0x00000000a1f00000, 0x00000000a1e00000| Untracked 
|  31|0x00000000a1f00000, 0x00000000a2000000, 0x00000000a2000000|100%| O|  |TAMS 0x00000000a2000000, 0x00000000a1f00000| Untracked 
|  32|0x00000000a2000000, 0x00000000a2100000, 0x00000000a2100000|100%| O|  |TAMS 0x00000000a2100000, 0x00000000a2000000| Untracked 
|  33|0x00000000a2100000, 0x00000000a2200000, 0x00000000a2200000|100%| O|  |TAMS 0x00000000a2200000, 0x00000000a2100000| Untracked 
|  34|0x00000000a2200000, 0x00000000a2300000, 0x00000000a2300000|100%| O|  |TAMS 0x00000000a2300000, 0x00000000a2200000| Untracked 
|  35|0x00000000a2300000, 0x00000000a2400000, 0x00000000a2400000|100%| O|  |TAMS 0x00000000a2400000, 0x00000000a2300000| Untracked 
|  36|0x00000000a2400000, 0x00000000a2500000, 0x00000000a2500000|100%| O|  |TAMS 0x00000000a24ed800, 0x00000000a2400000| Untracked 
|  37|0x00000000a2500000, 0x00000000a2600000, 0x00000000a2600000|100%|HS|  |TAMS 0x00000000a2500000, 0x00000000a2500000| Complete 
|  38|0x00000000a2600000, 0x00000000a2700000, 0x00000000a2700000|100%| O|  |TAMS 0x00000000a2600000, 0x00000000a2600000| Untracked 
|  39|0x00000000a2700000, 0x00000000a2800000, 0x00000000a2800000|100%| O|  |TAMS 0x00000000a2700000, 0x00000000a2700000| Untracked 
|  40|0x00000000a2800000, 0x00000000a2900000, 0x00000000a2900000|100%| O|  |TAMS 0x00000000a2800000, 0x00000000a2800000| Untracked 
|  41|0x00000000a2900000, 0x00000000a2a00000, 0x00000000a2a00000|100%| O|  |TAMS 0x00000000a2900000, 0x00000000a2900000| Untracked 
|  42|0x00000000a2a00000, 0x00000000a2b00000, 0x00000000a2b00000|100%| O|  |TAMS 0x00000000a2a00000, 0x00000000a2a00000| Untracked 
|  43|0x00000000a2b00000, 0x00000000a2c00000, 0x00000000a2c00000|100%| O|  |TAMS 0x00000000a2b00000, 0x00000000a2b00000| Untracked 
|  44|0x00000000a2c00000, 0x00000000a2d00000, 0x00000000a2d00000|100%| O|  |TAMS 0x00000000a2c00000, 0x00000000a2c00000| Untracked 
|  45|0x00000000a2d00000, 0x00000000a2decc08, 0x00000000a2e00000| 92%| O|  |TAMS 0x00000000a2d00000, 0x00000000a2d00000| Untracked 
|  46|0x00000000a2e00000, 0x00000000a2f00000, 0x00000000a2f00000|100%|HS|  |TAMS 0x00000000a2e00000, 0x00000000a2e00000| Complete 
|  47|0x00000000a2f00000, 0x00000000a3000000, 0x00000000a3000000|100%|HS|  |TAMS 0x00000000a2f00000, 0x00000000a2f00000| Complete 
|  48|0x00000000a3000000, 0x00000000a3000000, 0x00000000a3100000|  0%| F|  |TAMS 0x00000000a3000000, 0x00000000a3000000| Untracked 
|  49|0x00000000a3100000, 0x00000000a3100000, 0x00000000a3200000|  0%| F|  |TAMS 0x00000000a3100000, 0x00000000a3100000| Untracked 
|  50|0x00000000a3200000, 0x00000000a3200000, 0x00000000a3300000|  0%| F|  |TAMS 0x00000000a3200000, 0x00000000a3200000| Untracked 
|  51|0x00000000a3300000, 0x00000000a3300000, 0x00000000a3400000|  0%| F|  |TAMS 0x00000000a3300000, 0x00000000a3300000| Untracked 
|  52|0x00000000a3400000, 0x00000000a3400000, 0x00000000a3500000|  0%| F|  |TAMS 0x00000000a3400000, 0x00000000a3400000| Untracked 
|  53|0x00000000a3500000, 0x00000000a3500000, 0x00000000a3600000|  0%| F|  |TAMS 0x00000000a3500000, 0x00000000a3500000| Untracked 
|  54|0x00000000a3600000, 0x00000000a3600000, 0x00000000a3700000|  0%| F|  |TAMS 0x00000000a3600000, 0x00000000a3600000| Untracked 
|  55|0x00000000a3700000, 0x00000000a3700000, 0x00000000a3800000|  0%| F|  |TAMS 0x00000000a3700000, 0x00000000a3700000| Untracked 
|  56|0x00000000a3800000, 0x00000000a3800000, 0x00000000a3900000|  0%| F|  |TAMS 0x00000000a3800000, 0x00000000a3800000| Untracked 
|  57|0x00000000a3900000, 0x00000000a3900000, 0x00000000a3a00000|  0%| F|  |TAMS 0x00000000a3900000, 0x00000000a3900000| Untracked 
|  58|0x00000000a3a00000, 0x00000000a3a00000, 0x00000000a3b00000|  0%| F|  |TAMS 0x00000000a3a00000, 0x00000000a3a00000| Untracked 
|  59|0x00000000a3b00000, 0x00000000a3b00000, 0x00000000a3c00000|  0%| F|  |TAMS 0x00000000a3b00000, 0x00000000a3b00000| Untracked 
|  60|0x00000000a3c00000, 0x00000000a3c00000, 0x00000000a3d00000|  0%| F|  |TAMS 0x00000000a3c00000, 0x00000000a3c00000| Untracked 
|  61|0x00000000a3d00000, 0x00000000a3d00000, 0x00000000a3e00000|  0%| F|  |TAMS 0x00000000a3d00000, 0x00000000a3d00000| Untracked 
|  62|0x00000000a3e00000, 0x00000000a3e00000, 0x00000000a3f00000|  0%| F|  |TAMS 0x00000000a3e00000, 0x00000000a3e00000| Untracked 
|  63|0x00000000a3f00000, 0x00000000a3f00000, 0x00000000a4000000|  0%| F|  |TAMS 0x00000000a3f00000, 0x00000000a3f00000| Untracked 
|  64|0x00000000a4000000, 0x00000000a4000000, 0x00000000a4100000|  0%| F|  |TAMS 0x00000000a4000000, 0x00000000a4000000| Untracked 
|  65|0x00000000a4100000, 0x00000000a4100000, 0x00000000a4200000|  0%| F|  |TAMS 0x00000000a4100000, 0x00000000a4100000| Untracked 
|  66|0x00000000a4200000, 0x00000000a4200000, 0x00000000a4300000|  0%| F|  |TAMS 0x00000000a4200000, 0x00000000a4200000| Untracked 
|  67|0x00000000a4300000, 0x00000000a4300000, 0x00000000a4400000|  0%| F|  |TAMS 0x00000000a4300000, 0x00000000a4300000| Untracked 
|  68|0x00000000a4400000, 0x00000000a4400000, 0x00000000a4500000|  0%| F|  |TAMS 0x00000000a4400000, 0x00000000a4400000| Untracked 
|  69|0x00000000a4500000, 0x00000000a4500000, 0x00000000a4600000|  0%| F|  |TAMS 0x00000000a4500000, 0x00000000a4500000| Untracked 
|  70|0x00000000a4600000, 0x00000000a4600000, 0x00000000a4700000|  0%| F|  |TAMS 0x00000000a4600000, 0x00000000a4600000| Untracked 
|  71|0x00000000a4700000, 0x00000000a4780000, 0x00000000a4800000| 50%| S|CS|TAMS 0x00000000a4700000, 0x00000000a4700000| Complete 
|  72|0x00000000a4800000, 0x00000000a4900000, 0x00000000a4900000|100%| S|CS|TAMS 0x00000000a4800000, 0x00000000a4800000| Complete 
|  73|0x00000000a4900000, 0x00000000a4a00000, 0x00000000a4a00000|100%| S|CS|TAMS 0x00000000a4900000, 0x00000000a4900000| Complete 
|  74|0x00000000a4a00000, 0x00000000a4b00000, 0x00000000a4b00000|100%| S|CS|TAMS 0x00000000a4a00000, 0x00000000a4a00000| Complete 
|  75|0x00000000a4b00000, 0x00000000a4c00000, 0x00000000a4c00000|100%| S|CS|TAMS 0x00000000a4b00000, 0x00000000a4b00000| Complete 
|  76|0x00000000a4c00000, 0x00000000a4d00000, 0x00000000a4d00000|100%| S|CS|TAMS 0x00000000a4c00000, 0x00000000a4c00000| Complete 
|  77|0x00000000a4d00000, 0x00000000a4e00000, 0x00000000a4e00000|100%| S|CS|TAMS 0x00000000a4d00000, 0x00000000a4d00000| Complete 
|  78|0x00000000a4e00000, 0x00000000a4f00000, 0x00000000a4f00000|100%| S|CS|TAMS 0x00000000a4e00000, 0x00000000a4e00000| Complete 
|  79|0x00000000a4f00000, 0x00000000a5000000, 0x00000000a5000000|100%| S|CS|TAMS 0x00000000a4f00000, 0x00000000a4f00000| Complete 
|  80|0x00000000a5000000, 0x00000000a5100000, 0x00000000a5100000|100%| S|CS|TAMS 0x00000000a5000000, 0x00000000a5000000| Complete 
|  81|0x00000000a5100000, 0x00000000a5200000, 0x00000000a5200000|100%| S|CS|TAMS 0x00000000a5100000, 0x00000000a5100000| Complete 
|  82|0x00000000a5200000, 0x00000000a5300000, 0x00000000a5300000|100%| S|CS|TAMS 0x00000000a5200000, 0x00000000a5200000| Complete 
|  83|0x00000000a5300000, 0x00000000a5300000, 0x00000000a5400000|  0%| F|  |TAMS 0x00000000a5300000, 0x00000000a5300000| Untracked 
|  84|0x00000000a5400000, 0x00000000a5400000, 0x00000000a5500000|  0%| F|  |TAMS 0x00000000a5400000, 0x00000000a5400000| Untracked 
|  85|0x00000000a5500000, 0x00000000a5500000, 0x00000000a5600000|  0%| F|  |TAMS 0x00000000a5500000, 0x00000000a5500000| Untracked 
|  86|0x00000000a5600000, 0x00000000a5600000, 0x00000000a5700000|  0%| F|  |TAMS 0x00000000a5600000, 0x00000000a5600000| Untracked 
|  87|0x00000000a5700000, 0x00000000a5700000, 0x00000000a5800000|  0%| F|  |TAMS 0x00000000a5700000, 0x00000000a5700000| Untracked 
|  88|0x00000000a5800000, 0x00000000a5800000, 0x00000000a5900000|  0%| F|  |TAMS 0x00000000a5800000, 0x00000000a5800000| Untracked 
|  89|0x00000000a5900000, 0x00000000a5900000, 0x00000000a5a00000|  0%| F|  |TAMS 0x00000000a5900000, 0x00000000a5900000| Untracked 
|  90|0x00000000a5a00000, 0x00000000a5a00000, 0x00000000a5b00000|  0%| F|  |TAMS 0x00000000a5a00000, 0x00000000a5a00000| Untracked 
|  91|0x00000000a5b00000, 0x00000000a5b00000, 0x00000000a5c00000|  0%| F|  |TAMS 0x00000000a5b00000, 0x00000000a5b00000| Untracked 
|  92|0x00000000a5c00000, 0x00000000a5c00000, 0x00000000a5d00000|  0%| F|  |TAMS 0x00000000a5c00000, 0x00000000a5c00000| Untracked 
|  93|0x00000000a5d00000, 0x00000000a5d00000, 0x00000000a5e00000|  0%| F|  |TAMS 0x00000000a5d00000, 0x00000000a5d00000| Untracked 
|  94|0x00000000a5e00000, 0x00000000a5e00000, 0x00000000a5f00000|  0%| F|  |TAMS 0x00000000a5e00000, 0x00000000a5e00000| Untracked 
|  95|0x00000000a5f00000, 0x00000000a5f00000, 0x00000000a6000000|  0%| F|  |TAMS 0x00000000a5f00000, 0x00000000a5f00000| Untracked 
|  96|0x00000000a6000000, 0x00000000a6000000, 0x00000000a6100000|  0%| F|  |TAMS 0x00000000a6000000, 0x00000000a6000000| Untracked 
|  97|0x00000000a6100000, 0x00000000a6100000, 0x00000000a6200000|  0%| F|  |TAMS 0x00000000a6100000, 0x00000000a6100000| Untracked 
|  98|0x00000000a6200000, 0x00000000a6200000, 0x00000000a6300000|  0%| F|  |TAMS 0x00000000a6200000, 0x00000000a6200000| Untracked 
|  99|0x00000000a6300000, 0x00000000a6300000, 0x00000000a6400000|  0%| F|  |TAMS 0x00000000a6300000, 0x00000000a6300000| Untracked 
| 100|0x00000000a6400000, 0x00000000a6400000, 0x00000000a6500000|  0%| F|  |TAMS 0x00000000a6400000, 0x00000000a6400000| Untracked 
| 101|0x00000000a6500000, 0x00000000a6500000, 0x00000000a6600000|  0%| F|  |TAMS 0x00000000a6500000, 0x00000000a6500000| Untracked 
| 102|0x00000000a6600000, 0x00000000a6600000, 0x00000000a6700000|  0%| F|  |TAMS 0x00000000a6600000, 0x00000000a6600000| Untracked 
| 103|0x00000000a6700000, 0x00000000a6700000, 0x00000000a6800000|  0%| F|  |TAMS 0x00000000a6700000, 0x00000000a6700000| Untracked 
| 104|0x00000000a6800000, 0x00000000a6800000, 0x00000000a6900000|  0%| F|  |TAMS 0x00000000a6800000, 0x00000000a6800000| Untracked 
| 105|0x00000000a6900000, 0x00000000a6900000, 0x00000000a6a00000|  0%| F|  |TAMS 0x00000000a6900000, 0x00000000a6900000| Untracked 
| 106|0x00000000a6a00000, 0x00000000a6a00000, 0x00000000a6b00000|  0%| F|  |TAMS 0x00000000a6a00000, 0x00000000a6a00000| Untracked 
| 107|0x00000000a6b00000, 0x00000000a6b00000, 0x00000000a6c00000|  0%| F|  |TAMS 0x00000000a6b00000, 0x00000000a6b00000| Untracked 
| 108|0x00000000a6c00000, 0x00000000a6c00000, 0x00000000a6d00000|  0%| F|  |TAMS 0x00000000a6c00000, 0x00000000a6c00000| Untracked 
| 109|0x00000000a6d00000, 0x00000000a6d00000, 0x00000000a6e00000|  0%| F|  |TAMS 0x00000000a6d00000, 0x00000000a6d00000| Untracked 
| 110|0x00000000a6e00000, 0x00000000a6e00000, 0x00000000a6f00000|  0%| F|  |TAMS 0x00000000a6e00000, 0x00000000a6e00000| Untracked 
| 111|0x00000000a6f00000, 0x00000000a6f00000, 0x00000000a7000000|  0%| F|  |TAMS 0x00000000a6f00000, 0x00000000a6f00000| Untracked 
| 112|0x00000000a7000000, 0x00000000a7000000, 0x00000000a7100000|  0%| F|  |TAMS 0x00000000a7000000, 0x00000000a7000000| Untracked 
| 113|0x00000000a7100000, 0x00000000a7100000, 0x00000000a7200000|  0%| F|  |TAMS 0x00000000a7100000, 0x00000000a7100000| Untracked 
| 114|0x00000000a7200000, 0x00000000a7200000, 0x00000000a7300000|  0%| F|  |TAMS 0x00000000a7200000, 0x00000000a7200000| Untracked 
| 115|0x00000000a7300000, 0x00000000a7300000, 0x00000000a7400000|  0%| F|  |TAMS 0x00000000a7300000, 0x00000000a7300000| Untracked 
| 116|0x00000000a7400000, 0x00000000a7400000, 0x00000000a7500000|  0%| F|  |TAMS 0x00000000a7400000, 0x00000000a7400000| Untracked 
| 117|0x00000000a7500000, 0x00000000a7500000, 0x00000000a7600000|  0%| F|  |TAMS 0x00000000a7500000, 0x00000000a7500000| Untracked 
| 118|0x00000000a7600000, 0x00000000a7700000, 0x00000000a7700000|100%| E|  |TAMS 0x00000000a7600000, 0x00000000a7600000| Complete 
| 119|0x00000000a7700000, 0x00000000a7800000, 0x00000000a7800000|100%| E|CS|TAMS 0x00000000a7700000, 0x00000000a7700000| Complete 
| 120|0x00000000a7800000, 0x00000000a7900000, 0x00000000a7900000|100%| E|CS|TAMS 0x00000000a7800000, 0x00000000a7800000| Complete 
| 121|0x00000000a7900000, 0x00000000a7a00000, 0x00000000a7a00000|100%| E|CS|TAMS 0x00000000a7900000, 0x00000000a7900000| Complete 
| 122|0x00000000a7a00000, 0x00000000a7b00000, 0x00000000a7b00000|100%| E|CS|TAMS 0x00000000a7a00000, 0x00000000a7a00000| Complete 
| 123|0x00000000a7b00000, 0x00000000a7c00000, 0x00000000a7c00000|100%| E|CS|TAMS 0x00000000a7b00000, 0x00000000a7b00000| Complete 
| 124|0x00000000a7c00000, 0x00000000a7d00000, 0x00000000a7d00000|100%| E|CS|TAMS 0x00000000a7c00000, 0x00000000a7c00000| Complete 
| 125|0x00000000a7d00000, 0x00000000a7e00000, 0x00000000a7e00000|100%| E|CS|TAMS 0x00000000a7d00000, 0x00000000a7d00000| Complete 
| 126|0x00000000a7e00000, 0x00000000a7f00000, 0x00000000a7f00000|100%| E|CS|TAMS 0x00000000a7e00000, 0x00000000a7e00000| Complete 
| 127|0x00000000a7f00000, 0x00000000a8000000, 0x00000000a8000000|100%| E|CS|TAMS 0x00000000a7f00000, 0x00000000a7f00000| Complete 
| 128|0x00000000a8000000, 0x00000000a8100000, 0x00000000a8100000|100%| E|CS|TAMS 0x00000000a8000000, 0x00000000a8000000| Complete 
| 129|0x00000000a8100000, 0x00000000a8200000, 0x00000000a8200000|100%| E|CS|TAMS 0x00000000a8100000, 0x00000000a8100000| Complete 
| 130|0x00000000a8200000, 0x00000000a8300000, 0x00000000a8300000|100%| E|CS|TAMS 0x00000000a8200000, 0x00000000a8200000| Complete 
| 131|0x00000000a8300000, 0x00000000a8400000, 0x00000000a8400000|100%| E|CS|TAMS 0x00000000a8300000, 0x00000000a8300000| Complete 
| 132|0x00000000a8400000, 0x00000000a8500000, 0x00000000a8500000|100%| E|CS|TAMS 0x00000000a8400000, 0x00000000a8400000| Complete 
| 133|0x00000000a8500000, 0x00000000a8600000, 0x00000000a8600000|100%| E|CS|TAMS 0x00000000a8500000, 0x00000000a8500000| Complete 
| 134|0x00000000a8600000, 0x00000000a8700000, 0x00000000a8700000|100%| E|CS|TAMS 0x00000000a8600000, 0x00000000a8600000| Complete 
| 135|0x00000000a8700000, 0x00000000a8800000, 0x00000000a8800000|100%| E|CS|TAMS 0x00000000a8700000, 0x00000000a8700000| Complete 
| 136|0x00000000a8800000, 0x00000000a8900000, 0x00000000a8900000|100%| E|CS|TAMS 0x00000000a8800000, 0x00000000a8800000| Complete 
| 137|0x00000000a8900000, 0x00000000a8a00000, 0x00000000a8a00000|100%| E|CS|TAMS 0x00000000a8900000, 0x00000000a8900000| Complete 
| 138|0x00000000a8a00000, 0x00000000a8b00000, 0x00000000a8b00000|100%| E|CS|TAMS 0x00000000a8a00000, 0x00000000a8a00000| Complete 
| 139|0x00000000a8b00000, 0x00000000a8c00000, 0x00000000a8c00000|100%| E|CS|TAMS 0x00000000a8b00000, 0x00000000a8b00000| Complete 
| 140|0x00000000a8c00000, 0x00000000a8d00000, 0x00000000a8d00000|100%| E|CS|TAMS 0x00000000a8c00000, 0x00000000a8c00000| Complete 
| 141|0x00000000a8d00000, 0x00000000a8e00000, 0x00000000a8e00000|100%| E|CS|TAMS 0x00000000a8d00000, 0x00000000a8d00000| Complete 
| 142|0x00000000a8e00000, 0x00000000a8f00000, 0x00000000a8f00000|100%| E|CS|TAMS 0x00000000a8e00000, 0x00000000a8e00000| Complete 
| 143|0x00000000a8f00000, 0x00000000a9000000, 0x00000000a9000000|100%| E|CS|TAMS 0x00000000a8f00000, 0x00000000a8f00000| Complete 
| 144|0x00000000a9000000, 0x00000000a9100000, 0x00000000a9100000|100%| E|CS|TAMS 0x00000000a9000000, 0x00000000a9000000| Complete 
| 145|0x00000000a9100000, 0x00000000a9200000, 0x00000000a9200000|100%| E|CS|TAMS 0x00000000a9100000, 0x00000000a9100000| Complete 
| 146|0x00000000a9200000, 0x00000000a9300000, 0x00000000a9300000|100%| E|CS|TAMS 0x00000000a9200000, 0x00000000a9200000| Complete 
| 147|0x00000000a9300000, 0x00000000a9400000, 0x00000000a9400000|100%| E|CS|TAMS 0x00000000a9300000, 0x00000000a9300000| Complete 
| 148|0x00000000a9400000, 0x00000000a9500000, 0x00000000a9500000|100%| E|CS|TAMS 0x00000000a9400000, 0x00000000a9400000| Complete 
| 149|0x00000000a9500000, 0x00000000a9600000, 0x00000000a9600000|100%| E|CS|TAMS 0x00000000a9500000, 0x00000000a9500000| Complete 
| 150|0x00000000a9600000, 0x00000000a9700000, 0x00000000a9700000|100%| E|CS|TAMS 0x00000000a9600000, 0x00000000a9600000| Complete 
| 151|0x00000000a9700000, 0x00000000a9800000, 0x00000000a9800000|100%| E|  |TAMS 0x00000000a9700000, 0x00000000a9700000| Complete 
| 152|0x00000000a9800000, 0x00000000a9900000, 0x00000000a9900000|100%| E|CS|TAMS 0x00000000a9800000, 0x00000000a9800000| Complete 
| 153|0x00000000a9900000, 0x00000000a9a00000, 0x00000000a9a00000|100%| E|CS|TAMS 0x00000000a9900000, 0x00000000a9900000| Complete 
| 154|0x00000000a9a00000, 0x00000000a9b00000, 0x00000000a9b00000|100%| E|CS|TAMS 0x00000000a9a00000, 0x00000000a9a00000| Complete 
| 155|0x00000000a9b00000, 0x00000000a9c00000, 0x00000000a9c00000|100%| E|CS|TAMS 0x00000000a9b00000, 0x00000000a9b00000| Complete 
| 156|0x00000000a9c00000, 0x00000000a9d00000, 0x00000000a9d00000|100%| E|CS|TAMS 0x00000000a9c00000, 0x00000000a9c00000| Complete 
| 157|0x00000000a9d00000, 0x00000000a9e00000, 0x00000000a9e00000|100%| E|CS|TAMS 0x00000000a9d00000, 0x00000000a9d00000| Complete 
| 158|0x00000000a9e00000, 0x00000000a9f00000, 0x00000000a9f00000|100%| E|CS|TAMS 0x00000000a9e00000, 0x00000000a9e00000| Complete 
| 159|0x00000000a9f00000, 0x00000000aa000000, 0x00000000aa000000|100%| E|CS|TAMS 0x00000000a9f00000, 0x00000000a9f00000| Complete 
| 160|0x00000000aa000000, 0x00000000aa100000, 0x00000000aa100000|100%| E|CS|TAMS 0x00000000aa000000, 0x00000000aa000000| Complete 
| 161|0x00000000aa100000, 0x00000000aa200000, 0x00000000aa200000|100%| E|CS|TAMS 0x00000000aa100000, 0x00000000aa100000| Complete 
| 162|0x00000000aa200000, 0x00000000aa300000, 0x00000000aa300000|100%| E|CS|TAMS 0x00000000aa200000, 0x00000000aa200000| Complete 
| 163|0x00000000aa300000, 0x00000000aa400000, 0x00000000aa400000|100%| E|CS|TAMS 0x00000000aa300000, 0x00000000aa300000| Complete 
| 164|0x00000000aa400000, 0x00000000aa500000, 0x00000000aa500000|100%| E|CS|TAMS 0x00000000aa400000, 0x00000000aa400000| Complete 
| 165|0x00000000aa500000, 0x00000000aa600000, 0x00000000aa600000|100%| E|CS|TAMS 0x00000000aa500000, 0x00000000aa500000| Complete 
| 166|0x00000000aa600000, 0x00000000aa700000, 0x00000000aa700000|100%| E|CS|TAMS 0x00000000aa600000, 0x00000000aa600000| Complete 
| 167|0x00000000aa700000, 0x00000000aa800000, 0x00000000aa800000|100%| E|CS|TAMS 0x00000000aa700000, 0x00000000aa700000| Complete 
| 168|0x00000000aa800000, 0x00000000aa900000, 0x00000000aa900000|100%| E|CS|TAMS 0x00000000aa800000, 0x00000000aa800000| Complete 
| 169|0x00000000aa900000, 0x00000000aaa00000, 0x00000000aaa00000|100%| E|CS|TAMS 0x00000000aa900000, 0x00000000aa900000| Complete 
| 170|0x00000000aaa00000, 0x00000000aab00000, 0x00000000aab00000|100%| E|CS|TAMS 0x00000000aaa00000, 0x00000000aaa00000| Complete 
| 171|0x00000000aab00000, 0x00000000aac00000, 0x00000000aac00000|100%| E|CS|TAMS 0x00000000aab00000, 0x00000000aab00000| Complete 
| 172|0x00000000aac00000, 0x00000000aad00000, 0x00000000aad00000|100%| E|CS|TAMS 0x00000000aac00000, 0x00000000aac00000| Complete 
| 173|0x00000000aad00000, 0x00000000aae00000, 0x00000000aae00000|100%| E|CS|TAMS 0x00000000aad00000, 0x00000000aad00000| Complete 
| 174|0x00000000aae00000, 0x00000000aaf00000, 0x00000000aaf00000|100%| E|CS|TAMS 0x00000000aae00000, 0x00000000aae00000| Complete 
| 175|0x00000000aaf00000, 0x00000000ab000000, 0x00000000ab000000|100%| E|CS|TAMS 0x00000000aaf00000, 0x00000000aaf00000| Complete 
| 176|0x00000000ab000000, 0x00000000ab100000, 0x00000000ab100000|100%| E|CS|TAMS 0x00000000ab000000, 0x00000000ab000000| Complete 
| 177|0x00000000ab100000, 0x00000000ab200000, 0x00000000ab200000|100%| E|CS|TAMS 0x00000000ab100000, 0x00000000ab100000| Complete 
| 178|0x00000000ab200000, 0x00000000ab300000, 0x00000000ab300000|100%| E|CS|TAMS 0x00000000ab200000, 0x00000000ab200000| Complete 
| 179|0x00000000ab300000, 0x00000000ab400000, 0x00000000ab400000|100%| E|CS|TAMS 0x00000000ab300000, 0x00000000ab300000| Complete 
| 180|0x00000000ab400000, 0x00000000ab500000, 0x00000000ab500000|100%| E|CS|TAMS 0x00000000ab400000, 0x00000000ab400000| Complete 
| 181|0x00000000ab500000, 0x00000000ab600000, 0x00000000ab600000|100%| E|CS|TAMS 0x00000000ab500000, 0x00000000ab500000| Complete 
| 182|0x00000000ab600000, 0x00000000ab700000, 0x00000000ab700000|100%| E|CS|TAMS 0x00000000ab600000, 0x00000000ab600000| Complete 
| 183|0x00000000ab700000, 0x00000000ab800000, 0x00000000ab800000|100%| E|CS|TAMS 0x00000000ab700000, 0x00000000ab700000| Complete 
| 184|0x00000000ab800000, 0x00000000ab900000, 0x00000000ab900000|100%| E|CS|TAMS 0x00000000ab800000, 0x00000000ab800000| Complete 
| 185|0x00000000ab900000, 0x00000000aba00000, 0x00000000aba00000|100%| E|CS|TAMS 0x00000000ab900000, 0x00000000ab900000| Complete 
| 186|0x00000000aba00000, 0x00000000abb00000, 0x00000000abb00000|100%| E|CS|TAMS 0x00000000aba00000, 0x00000000aba00000| Complete 
| 187|0x00000000abb00000, 0x00000000abc00000, 0x00000000abc00000|100%| E|CS|TAMS 0x00000000abb00000, 0x00000000abb00000| Complete 
| 188|0x00000000abc00000, 0x00000000abd00000, 0x00000000abd00000|100%| E|CS|TAMS 0x00000000abc00000, 0x00000000abc00000| Complete 
| 189|0x00000000abd00000, 0x00000000abe00000, 0x00000000abe00000|100%| E|CS|TAMS 0x00000000abd00000, 0x00000000abd00000| Complete 

Card table byte_map: [0x0000015429f70000,0x000001542a270000] _byte_map_base: 0x0000015429a70000

Marking Bits (Prev, Next): (CMBitMap*) 0x0000015417182b40, (CMBitMap*) 0x0000015417182b08
 Prev Bits: [0x000001542bd70000, 0x000001542d570000)
 Next Bits: [0x000001542a570000, 0x000001542bd70000)

Polling page: 0x0000015415090000

Metaspace:

Usage:
  Non-class:     60.77 MB capacity,    59.62 MB ( 98%) used,   992.40 KB (  2%) free+waste,   187.38 KB ( <1%) overhead. 
      Class:      9.24 MB capacity,     8.53 MB ( 92%) used,   640.23 KB (  7%) free+waste,    86.62 KB ( <1%) overhead. 
       Both:     70.01 MB capacity,    68.15 MB ( 97%) used,     1.59 MB (  2%) free+waste,   274.00 KB ( <1%) overhead. 

Virtual space:
  Non-class space:       62.00 MB reserved,      60.83 MB ( 98%) committed 
      Class space:        1.00 GB reserved,       9.25 MB ( <1%) committed 
             Both:        1.06 GB reserved,      70.08 MB (  6%) committed 

Chunk freelists:
   Non-Class:  1.00 KB
       Class:  11.00 KB
        Both:  12.00 KB

MaxMetaspaceSize: 17179869184.00 GB
CompressedClassSpaceSize: 1.00 GB
Initial GC threshold: 20.80 MB
Current GC threshold: 98.67 MB
CDS: off

CodeHeap 'non-profiled nmethods': size=120064Kb used=4410Kb max_used=4410Kb free=115653Kb
 bounds [0x0000015422730000, 0x0000015422b80000, 0x0000015429c70000]
CodeHeap 'profiled nmethods': size=120000Kb used=16657Kb max_used=16657Kb free=103342Kb
 bounds [0x000001541b200000, 0x000001541c250000, 0x0000015422730000]
CodeHeap 'non-nmethods': size=5696Kb used=2348Kb max_used=2403Kb free=3347Kb
 bounds [0x000001541ac70000, 0x000001541aee0000, 0x000001541b200000]
 total_blobs=8544 nmethods=7680 adapters=776
 compilation: enabled
              stopped_count=0, restarted_count=0
 full_count=0

Compilation events (20 events):
Event: 62.026 Thread 0x000001543031e800 nmethod 7696 0x000001541c22bb90 code [0x000001541c22bd80, 0x000001541c22c248]
Event: 62.026 Thread 0x000001543031e800 7697       3       java.beans.FeatureDescriptor::<init> (69 bytes)
Event: 62.027 Thread 0x000001543031e800 nmethod 7697 0x000001541c22c390 code [0x000001541c22c5e0, 0x000001541c22cd68]
Event: 62.032 Thread 0x0000015430314000 7698       4       com.sun.beans.TypeResolver::resolve (37 bytes)
Event: 62.035 Thread 0x000001543031e800 7699       3       org.codehaus.groovy.reflection.ClassInfo::getWeakMetaClass (21 bytes)
Event: 62.035 Thread 0x000001543031e800 nmethod 7699 0x000001541c22cf90 code [0x000001541c22d160, 0x000001541c22d4e8]
Event: 62.035 Thread 0x000001543031e800 7700       3       org.codehaus.groovy.reflection.ClassInfo::isValidWeakMetaClass (30 bytes)
Event: 62.036 Thread 0x000001543031e800 nmethod 7700 0x000001541c22d610 code [0x000001541c22d7e0, 0x000001541c22db78]
Event: 62.036 Thread 0x000001543031e800 7702       3       org.gradle.internal.metaobject.DynamicInvokeResult::isFound (16 bytes)
Event: 62.036 Thread 0x000001543031e800 nmethod 7702 0x000001541c22dc10 code [0x000001541c22ddc0, 0x000001541c22df38]
Event: 62.036 Thread 0x000001543031e800 7701       3       org.gradle.api.internal.DefaultDomainObjectCollection::assertMutableCollectionContents (1 bytes)
Event: 62.036 Thread 0x000001543031e800 nmethod 7701 0x000001541c22e010 code [0x000001541c22e1c0, 0x000001541c22e2b8]
Event: 62.055 Thread 0x000001543031e800 7703       1       org.gradle.internal.instantiation.generator.AsmBackedClassGenerator$ClassBuilderImpl::access$6800 (5 bytes)
Event: 62.055 Thread 0x000001543031e800 nmethod 7703 0x0000015422b7e310 code [0x0000015422b7e4c0, 0x0000015422b7e558]
Event: 62.056 Thread 0x000001543031e800 7705       3       org.gradle.groovy.scripts.DelegatingScriptSource::getClassName (10 bytes)
Event: 62.057 Thread 0x000001543031e800 nmethod 7705 0x000001541c22e390 code [0x000001541c22e540, 0x000001541c22e708]
Event: 62.057 Thread 0x000001543031e800 7706       3       org.gradle.groovy.scripts.TextResourceScriptSource::getClassName (20 bytes)
Event: 62.057 Thread 0x000001543031e800 nmethod 7706 0x000001541c22e810 code [0x000001541c22e9c0, 0x000001541c22eb88]
Event: 62.059 Thread 0x000001543031e800 7707       3       groovy.lang.MetaClassImpl$MethodIndexAction::iterate (119 bytes)
Event: 62.060 Thread 0x000001543031e800 nmethod 7707 0x000001541c22ec10 code [0x000001541c22ee40, 0x000001541c22f8b8]

GC Heap History (20 events):
Event: 1.704 GC heap before
{Heap before GC invocations=1 (full 0):
 garbage-first heap   total 194560K, used 19290K [0x00000000a0000000, 0x0000000100000000)
  region size 1024K, 14 young (14336K), 2 survivors (2048K)
 Metaspace       used 9930K, capacity 10130K, committed 10368K, reserved 1058816K
  class space    used 1011K, capacity 1102K, committed 1152K, reserved 1048576K
}
Event: 1.708 GC heap after
{Heap after GC invocations=2 (full 0):
 garbage-first heap   total 194560K, used 9504K [0x00000000a0000000, 0x0000000100000000)
  region size 1024K, 2 young (2048K), 2 survivors (2048K)
 Metaspace       used 9930K, capacity 10130K, committed 10368K, reserved 1058816K
  class space    used 1011K, capacity 1102K, committed 1152K, reserved 1048576K
}
Event: 17.232 GC heap before
{Heap before GC invocations=2 (full 0):
 garbage-first heap   total 194560K, used 39200K [0x00000000a0000000, 0x0000000100000000)
  region size 1024K, 30 young (30720K), 2 survivors (2048K)
 Metaspace       used 10938K, capacity 11149K, committed 11264K, reserved 1058816K
  class space    used 1113K, capacity 1207K, committed 1280K, reserved 1048576K
}
Event: 17.236 GC heap after
{Heap after GC invocations=3 (full 0):
 garbage-first heap   total 194560K, used 13111K [0x00000000a0000000, 0x0000000100000000)
  region size 1024K, 4 young (4096K), 4 survivors (4096K)
 Metaspace       used 10938K, capacity 11149K, committed 11264K, reserved 1058816K
  class space    used 1113K, capacity 1207K, committed 1280K, reserved 1048576K
}
Event: 21.872 GC heap before
{Heap before GC invocations=3 (full 0):
 garbage-first heap   total 194560K, used 55095K [0x00000000a0000000, 0x0000000100000000)
  region size 1024K, 45 young (46080K), 4 survivors (4096K)
 Metaspace       used 17972K, capacity 18341K, committed 18432K, reserved 1064960K
  class space    used 2100K, capacity 2244K, committed 2304K, reserved 1048576K
}
Event: 21.880 GC heap after
{Heap after GC invocations=4 (full 0):
 garbage-first heap   total 194560K, used 16591K [0x00000000a0000000, 0x0000000100000000)
  region size 1024K, 6 young (6144K), 6 survivors (6144K)
 Metaspace       used 17972K, capacity 18341K, committed 18432K, reserved 1064960K
  class space    used 2100K, capacity 2244K, committed 2304K, reserved 1048576K
}
Event: 22.303 GC heap before
{Heap before GC invocations=4 (full 0):
 garbage-first heap   total 194560K, used 36047K [0x00000000a0000000, 0x0000000100000000)
  region size 1024K, 26 young (26624K), 6 survivors (6144K)
 Metaspace       used 20711K, capacity 21140K, committed 21296K, reserved 1069056K
  class space    used 2481K, capacity 2627K, committed 2688K, reserved 1048576K
}
Event: 22.310 GC heap after
{Heap after GC invocations=5 (full 0):
 garbage-first heap   total 194560K, used 17481K [0x00000000a0000000, 0x0000000100000000)
  region size 1024K, 5 young (5120K), 5 survivors (5120K)
 Metaspace       used 20711K, capacity 21140K, committed 21296K, reserved 1069056K
  class space    used 2481K, capacity 2627K, committed 2688K, reserved 1048576K
}
Event: 23.940 GC heap before
{Heap before GC invocations=6 (full 0):
 garbage-first heap   total 194560K, used 74825K [0x00000000a0000000, 0x0000000100000000)
  region size 1024K, 61 young (62464K), 5 survivors (5120K)
 Metaspace       used 26793K, capacity 27438K, committed 27696K, reserved 1073152K
  class space    used 3447K, capacity 3672K, committed 3712K, reserved 1048576K
}
Event: 23.950 GC heap after
{Heap after GC invocations=7 (full 0):
 garbage-first heap   total 194560K, used 19398K [0x00000000a0000000, 0x0000000100000000)
  region size 1024K, 7 young (7168K), 7 survivors (7168K)
 Metaspace       used 26793K, capacity 27438K, committed 27696K, reserved 1073152K
  class space    used 3447K, capacity 3672K, committed 3712K, reserved 1048576K
}
Event: 25.634 GC heap before
{Heap before GC invocations=7 (full 0):
 garbage-first heap   total 194560K, used 82886K [0x00000000a0000000, 0x0000000100000000)
  region size 1024K, 70 young (71680K), 7 survivors (7168K)
 Metaspace       used 35043K, capacity 35811K, committed 35920K, reserved 1081344K
  class space    used 4491K, capacity 4825K, committed 4864K, reserved 1048576K
}
Event: 25.650 GC heap after
{Heap after GC invocations=8 (full 0):
 garbage-first heap   total 194560K, used 22297K [0x00000000a0000000, 0x0000000100000000)
  region size 1024K, 9 young (9216K), 9 survivors (9216K)
 Metaspace       used 35043K, capacity 35811K, committed 35920K, reserved 1081344K
  class space    used 4491K, capacity 4825K, committed 4864K, reserved 1048576K
}
Event: 28.199 GC heap before
{Heap before GC invocations=9 (full 0):
 garbage-first heap   total 194560K, used 132889K [0x00000000a0000000, 0x0000000100000000)
  region size 1024K, 114 young (116736K), 9 survivors (9216K)
 Metaspace       used 44457K, capacity 45504K, committed 45776K, reserved 1089536K
  class space    used 5593K, capacity 5997K, committed 6016K, reserved 1048576K
}
Event: 28.230 GC heap after
{Heap after GC invocations=10 (full 0):
 garbage-first heap   total 194560K, used 30547K [0x00000000a0000000, 0x0000000100000000)
  region size 1024K, 14 young (14336K), 14 survivors (14336K)
 Metaspace       used 44457K, capacity 45504K, committed 45776K, reserved 1089536K
  class space    used 5593K, capacity 5997K, committed 6016K, reserved 1048576K
}
Event: 38.368 GC heap before
{Heap before GC invocations=10 (full 0):
 garbage-first heap   total 194560K, used 138067K [0x00000000a0000000, 0x0000000100000000)
  region size 1024K, 114 young (116736K), 14 survivors (14336K)
 Metaspace       used 49397K, capacity 50822K, committed 50896K, reserved 1093632K
  class space    used 6233K, capacity 6740K, committed 6784K, reserved 1048576K
}
Event: 38.389 GC heap after
{Heap after GC invocations=11 (full 0):
 garbage-first heap   total 194560K, used 43876K [0x00000000a0000000, 0x0000000100000000)
  region size 1024K, 15 young (15360K), 15 survivors (15360K)
 Metaspace       used 49397K, capacity 50822K, committed 50896K, reserved 1093632K
  class space    used 6233K, capacity 6740K, committed 6784K, reserved 1048576K
}
Event: 48.169 GC heap before
{Heap before GC invocations=11 (full 0):
 garbage-first heap   total 194560K, used 124772K [0x00000000a0000000, 0x0000000100000000)
  region size 1024K, 93 young (95232K), 15 survivors (15360K)
 Metaspace       used 58594K, capacity 60158K, committed 60240K, reserved 1101824K
  class space    used 7328K, capacity 7925K, committed 7936K, reserved 1048576K
}
Event: 48.200 GC heap after
{Heap after GC invocations=12 (full 0):
 garbage-first heap   total 194560K, used 51126K [0x00000000a0000000, 0x0000000100000000)
  region size 1024K, 13 young (13312K), 13 survivors (13312K)
 Metaspace       used 58594K, capacity 60158K, committed 60240K, reserved 1101824K
  class space    used 7328K, capacity 7925K, committed 7936K, reserved 1048576K
}
Event: 50.965 GC heap before
{Heap before GC invocations=13 (full 0):
 garbage-first heap   total 194560K, used 147382K [0x00000000a0000000, 0x0000000100000000)
  region size 1024K, 107 young (109568K), 13 survivors (13312K)
 Metaspace       used 67551K, capacity 69335K, committed 69456K, reserved 1110016K
  class space    used 8475K, capacity 9138K, committed 9216K, reserved 1048576K
}
Event: 50.988 GC heap after
{Heap after GC invocations=14 (full 0):
 garbage-first heap   total 194560K, used 57779K [0x00000000a0000000, 0x0000000100000000)
  region size 1024K, 12 young (12288K), 12 survivors (12288K)
 Metaspace       used 67551K, capacity 69335K, committed 69456K, reserved 1110016K
  class space    used 8475K, capacity 9138K, committed 9216K, reserved 1048576K
}

Deoptimization events (20 events):
Event: 51.789 Thread 0x0000015430b7f000 DEOPT PACKING pc=0x0000015422a4c0fc sp=0x000000487affe680
Event: 51.789 Thread 0x0000015430b7f000 DEOPT UNPACKING pc=0x000001541acba1af sp=0x000000487affe560 mode 2
Event: 51.789 Thread 0x0000015430b79800 Uncommon trap: trap_request=0xffffff4d fr.pc=0x00000154227e3aac relative=0x000000000000014c
Event: 51.789 Thread 0x0000015430b79800 Uncommon trap: reason=unstable_if action=reinterpret pc=0x00000154227e3aac method=java.util.concurrent.ConcurrentHashMap.addCount(JI)V @ 7 c2
Event: 51.789 Thread 0x0000015430b79800 DEOPT PACKING pc=0x00000154227e3aac sp=0x000000487adfe410
Event: 51.789 Thread 0x0000015430b79800 DEOPT UNPACKING pc=0x000001541acba1af sp=0x000000487adfe370 mode 2
Event: 51.923 Thread 0x00000154312d4000 Uncommon trap: trap_request=0xffffff4d fr.pc=0x0000015422a01f68 relative=0x00000000000006e8
Event: 51.923 Thread 0x00000154312d4000 Uncommon trap: reason=unstable_if action=reinterpret pc=0x0000015422a01f68 method=org.gradle.internal.snapshot.VfsRelativePath.isPrefix(Ljava/lang/String;ILjava/lang/String;ILorg/gradle/internal/snapshot/CaseSensitivity;)Z @ 89 c2
Event: 51.923 Thread 0x00000154312d4000 DEOPT PACKING pc=0x0000015422a01f68 sp=0x00000048796f2b60
Event: 51.923 Thread 0x00000154312d4000 DEOPT UNPACKING pc=0x000001541acba1af sp=0x00000048796f2ae0 mode 2
Event: 52.106 Thread 0x00000154312d4000 DEOPT PACKING pc=0x000001541bcb3671 sp=0x00000048796f3410
Event: 52.106 Thread 0x00000154312d4000 DEOPT UNPACKING pc=0x000001541acba95e sp=0x00000048796f2908 mode 0
Event: 61.809 Thread 0x00000154312d4000 Uncommon trap: trap_request=0xffffff4d fr.pc=0x00000154228cef80 relative=0x0000000000000340
Event: 61.809 Thread 0x00000154312d4000 Uncommon trap: reason=unstable_if action=reinterpret pc=0x00000154228cef80 method=java.util.StringJoiner.add(Ljava/lang/CharSequence;)Ljava/util/StringJoiner; @ 33 c2
Event: 61.809 Thread 0x00000154312d4000 DEOPT PACKING pc=0x00000154228cef80 sp=0x00000048796ef680
Event: 61.809 Thread 0x00000154312d4000 DEOPT UNPACKING pc=0x000001541acba1af sp=0x00000048796ef630 mode 2
Event: 61.904 Thread 0x00000154312d4000 Uncommon trap: trap_request=0xffffff4d fr.pc=0x0000015422b76fc4 relative=0x0000000000000444
Event: 61.904 Thread 0x00000154312d4000 Uncommon trap: reason=unstable_if action=reinterpret pc=0x0000015422b76fc4 method=org.codehaus.groovy.runtime.metaclass.MetaMethodIndex.copyNonPrivateNonNewMetaMethods(Lorg/codehaus/groovy/runtime/metaclass/MetaMethodIndex$Entry;Lorg/codehaus/groovy/runti
Event: 61.904 Thread 0x00000154312d4000 DEOPT PACKING pc=0x0000015422b76fc4 sp=0x00000048796f2360
Event: 61.904 Thread 0x00000154312d4000 DEOPT UNPACKING pc=0x000001541acba1af sp=0x00000048796f2318 mode 2

Classes redefined (0 events):
No events

Internal exceptions (20 events):
Event: 61.947 Thread 0x00000154312d4000 Exception <a 'java/lang/ClassNotFoundException'{0x00000000a86920d8}: org/gradle/api/internal/DefaultNamedDomainObjectSetCustomizer> (0x00000000a86920d8) thrown at [src/hotspot/share/classfile/systemDictionary.cpp, line 230]
Event: 61.951 Thread 0x00000154312d4000 Exception <a 'java/lang/ClassNotFoundException'{0x00000000a86e48a0}: org/gradle/api/internal/tasks/DefaultTaskCollectionCustomizer> (0x00000000a86e48a0) thrown at [src/hotspot/share/classfile/systemDictionary.cpp, line 230]
Event: 61.954 Thread 0x00000154312d4000 Exception <a 'java/lang/ClassNotFoundException'{0x00000000a854c760}: org/gradle/api/internal/tasks/DefaultTaskContainerCustomizer> (0x00000000a854c760) thrown at [src/hotspot/share/classfile/systemDictionary.cpp, line 230]
Event: 61.958 Thread 0x00000154312d4000 Exception <a 'java/lang/ClassNotFoundException'{0x00000000a85d7660}: org/gradle/api/internal/tasks/DefaultTaskContainer_DecoratedCustomizer> (0x00000000a85d7660) thrown at [src/hotspot/share/classfile/systemDictionary.cpp, line 230]
Event: 61.973 Thread 0x00000154312d4000 Exception <a 'java/lang/ClassNotFoundException'{0x00000000a8482138}: java/lang/SystemBeanInfo> (0x00000000a8482138) thrown at [src/hotspot/share/classfile/systemDictionary.cpp, line 230]
Event: 61.973 Thread 0x00000154312d4000 Exception <a 'java/lang/ClassNotFoundException'{0x00000000a8493b60}: java/lang/SystemCustomizer> (0x00000000a8493b60) thrown at [src/hotspot/share/classfile/systemDictionary.cpp, line 230]
Event: 61.976 Thread 0x00000154312d4000 Exception <a 'java/lang/ClassNotFoundException'{0x00000000a84fbe00}: java/util/Collections$UnmodifiableMapBeanInfo> (0x00000000a84fbe00) thrown at [src/hotspot/share/classfile/systemDictionary.cpp, line 230]
Event: 61.977 Thread 0x00000154312d4000 Exception <a 'java/lang/ClassNotFoundException'{0x00000000a830f748}: java/util/Collections$UnmodifiableMapCustomizer> (0x00000000a830f748) thrown at [src/hotspot/share/classfile/systemDictionary.cpp, line 230]
Event: 62.006 Thread 0x00000154312d4000 Exception <a 'java/lang/ClassNotFoundException'{0x00000000a82dc940}: org/gradle/api/internal/artifacts/repositories/DefaultMavenArtifactRepository_DecoratedBeanInfo> (0x00000000a82dc940) thrown at [src/hotspot/share/classfile/systemDictionary.cpp, line 230]
Event: 62.008 Thread 0x00000154312d4000 Exception <a 'java/lang/ClassNotFoundException'{0x00000000a813c5c0}: org/gradle/api/internal/artifacts/repositories/DefaultMavenArtifactRepositoryBeanInfo> (0x00000000a813c5c0) thrown at [src/hotspot/share/classfile/systemDictionary.cpp, line 230]
Event: 62.010 Thread 0x00000154312d4000 Exception <a 'java/lang/ClassNotFoundException'{0x00000000a81a0100}: org/gradle/api/internal/artifacts/repositories/AbstractAuthenticationSupportedRepositoryBeanInfo> (0x00000000a81a0100) thrown at [src/hotspot/share/classfile/systemDictionary.cpp, line 230]
Event: 62.012 Thread 0x00000154312d4000 Exception <a 'java/lang/ClassNotFoundException'{0x00000000a8003ef8}: org/gradle/api/internal/artifacts/repositories/AbstractResolutionAwareArtifactRepositoryBeanInfo> (0x00000000a8003ef8) thrown at [src/hotspot/share/classfile/systemDictionary.cpp, line 230]
Event: 62.017 Thread 0x00000154312d4000 Exception <a 'java/lang/ClassNotFoundException'{0x00000000a8060818}: org/gradle/api/internal/artifacts/repositories/AbstractArtifactRepositoryBeanInfo> (0x00000000a8060818) thrown at [src/hotspot/share/classfile/systemDictionary.cpp, line 230]
Event: 62.019 Thread 0x00000154312d4000 Exception <a 'java/lang/ClassNotFoundException'{0x00000000a80bff68}: org/gradle/api/internal/artifacts/repositories/AbstractArtifactRepositoryCustomizer> (0x00000000a80bff68) thrown at [src/hotspot/share/classfile/systemDictionary.cpp, line 230]
Event: 62.023 Thread 0x00000154312d4000 Exception <a 'java/lang/ClassNotFoundException'{0x00000000a7f45e78}: org/gradle/api/internal/artifacts/repositories/AbstractResolutionAwareArtifactRepositoryCustomizer> (0x00000000a7f45e78) thrown at [src/hotspot/share/classfile/systemDictionary.cpp, line 230]
Event: 62.025 Thread 0x00000154312d4000 Exception <a 'java/lang/ClassNotFoundException'{0x00000000a7fb3568}: org/gradle/api/internal/artifacts/repositories/AbstractAuthenticationSupportedRepositoryCustomizer> (0x00000000a7fb3568) thrown at [src/hotspot/share/classfile/systemDictionary.cpp, line 230]
Event: 62.028 Thread 0x00000154312d4000 Exception <a 'java/lang/ClassNotFoundException'{0x00000000a7e24708}: org/gradle/api/internal/artifacts/repositories/DefaultMavenArtifactRepositoryCustomizer> (0x00000000a7e24708) thrown at [src/hotspot/share/classfile/systemDictionary.cpp, line 230]
Event: 62.032 Thread 0x00000154312d4000 Exception <a 'java/lang/ClassNotFoundException'{0x00000000a7e9fa90}: org/gradle/api/internal/artifacts/repositories/DefaultMavenArtifactRepository_DecoratedCustomizer> (0x00000000a7e9fa90) thrown at [src/hotspot/share/classfile/systemDictionary.cpp, line 230]
Event: 62.041 Thread 0x00000154312d4000 Exception <a 'java/lang/ClassNotFoundException'{0x00000000a7d78340}: org/gradle/internal/extensibility/DefaultConventionBeanInfo> (0x00000000a7d78340) thrown at [src/hotspot/share/classfile/systemDictionary.cpp, line 230]
Event: 62.049 Thread 0x00000154312d4000 Exception <a 'java/lang/ClassNotFoundException'{0x00000000a7db6a28}: org/gradle/internal/extensibility/DefaultConventionCustomizer> (0x00000000a7db6a28) thrown at [src/hotspot/share/classfile/systemDictionary.cpp, line 230]

Events (20 events):
Event: 62.040 loading class org/gradle/internal/extensibility/DefaultConventionBeanInfo
Event: 62.040 loading class org/gradle/internal/extensibility/DefaultConventionBeanInfo done
Event: 62.041 loading class org/gradle/internal/extensibility/DefaultConventionBeanInfo
Event: 62.041 loading class org/gradle/internal/extensibility/DefaultConventionBeanInfo done
Event: 62.041 loading class org/gradle/internal/extensibility/DefaultConventionCustomizer
Event: 62.041 loading class org/gradle/internal/extensibility/DefaultConventionCustomizer done
Event: 62.042 loading class org/gradle/internal/extensibility/DefaultConventionCustomizer
Event: 62.042 loading class org/gradle/internal/extensibility/DefaultConventionCustomizer done
Event: 62.042 loading class org/gradle/internal/extensibility/DefaultConventionCustomizer
Event: 62.042 loading class org/gradle/internal/extensibility/DefaultConventionCustomizer done
Event: 62.049 loading class org/gradle/internal/extensibility/DefaultConventionCustomizer
Event: 62.049 loading class org/gradle/internal/extensibility/DefaultConventionCustomizer done
Event: 62.051 loading class org/codehaus/groovy/runtime/callsite/PojoMetaMethodSite$PojoCachedMethodSite
Event: 62.051 loading class org/codehaus/groovy/runtime/callsite/PojoMetaMethodSite$PojoCachedMethodSite done
Event: 62.057 loading class groovy/runtime/metaclass/FlutterExtension_DecoratedMetaClass
Event: 62.057 loading class groovy/runtime/metaclass/FlutterExtension_DecoratedMetaClass done
Event: 62.059 loading class FlutterExtension_DecoratedBeanInfo
Event: 62.059 loading class FlutterExtension_DecoratedBeanInfo done
Event: 62.060 loading class FlutterExtension_DecoratedBeanInfo
Event: 62.060 loading class FlutterExtension_DecoratedBeanInfo done


Dynamic libraries:
0x00007ff676f30000 - 0x00007ff676f3a000 	C:\Program Files\Android\Android Studio\jbr\bin\java.exe
0x00007fff633d0000 - 0x00007fff635c8000 	C:\Windows\SYSTEM32\ntdll.dll
0x00007fff5b340000 - 0x00007fff5b359000 	C:\Program Files\AVG\Antivirus\aswhook.dll
0x00007fff622d0000 - 0x00007fff6238f000 	C:\Windows\System32\KERNEL32.DLL
0x00007fff60c70000 - 0x00007fff60f66000 	C:\Windows\System32\KERNELBASE.dll
0x00007fff61300000 - 0x00007fff61400000 	C:\Windows\System32\ucrtbase.dll
0x00007fff47070000 - 0x00007fff47087000 	C:\Program Files\Android\Android Studio\jbr\bin\jli.dll
0x00007fff47050000 - 0x00007fff4706b000 	C:\Program Files\Android\Android Studio\jbr\bin\VCRUNTIME140.dll
0x00007fff62d10000 - 0x00007fff62ead000 	C:\Windows\System32\USER32.dll
0x00007fff61400000 - 0x00007fff61422000 	C:\Windows\System32\win32u.dll
0x00007fff4d290000 - 0x00007fff4d52a000 	C:\Windows\WinSxS\amd64_microsoft.windows.common-controls_6595b64144ccf1df_6.0.19041.1110_none_60b5254171f9507e\COMCTL32.dll
0x00007fff61e30000 - 0x00007fff61e5c000 	C:\Windows\System32\GDI32.dll
0x00007fff61d90000 - 0x00007fff61e2e000 	C:\Windows\System32\msvcrt.dll
0x00007fff61140000 - 0x00007fff61255000 	C:\Windows\System32\gdi32full.dll
0x00007fff61260000 - 0x00007fff612fd000 	C:\Windows\System32\msvcp_win.dll
0x00007fff62730000 - 0x00007fff62760000 	C:\Windows\System32\IMM32.DLL
0x00007fff5ad40000 - 0x00007fff5ad4c000 	C:\Program Files\Android\Android Studio\jbr\bin\vcruntime140_1.dll
0x00007fff43600000 - 0x00007fff4368d000 	C:\Program Files\Android\Android Studio\jbr\bin\msvcp140.dll
0x00007fff14640000 - 0x00007fff151fc000 	C:\Program Files\Android\Android Studio\jbr\bin\server\jvm.dll
0x00007fff62eb0000 - 0x00007fff62f5f000 	C:\Windows\System32\ADVAPI32.dll
0x00007fff62be0000 - 0x00007fff62c7c000 	C:\Windows\System32\sechost.dll
0x00007fff62870000 - 0x00007fff62996000 	C:\Windows\System32\RPCRT4.dll
0x00007fff615d0000 - 0x00007fff615d8000 	C:\Windows\System32\PSAPI.DLL
0x00007fff51100000 - 0x00007fff51127000 	C:\Windows\SYSTEM32\WINMM.dll
0x00007fff5f1c0000 - 0x00007fff5f1ca000 	C:\Windows\SYSTEM32\VERSION.dll
0x00007fff4aba0000 - 0x00007fff4aba9000 	C:\Windows\SYSTEM32\WSOCK32.dll
0x00007fff63320000 - 0x00007fff6338b000 	C:\Windows\System32\WS2_32.dll
0x00007fff5f2c0000 - 0x00007fff5f2d2000 	C:\Windows\SYSTEM32\kernel.appcore.dll
0x00007fff59a20000 - 0x00007fff59a30000 	C:\Program Files\Android\Android Studio\jbr\bin\verify.dll
0x00007fff515f0000 - 0x00007fff517d4000 	C:\Windows\SYSTEM32\DBGHELP.DLL
0x00007fff559e0000 - 0x00007fff55a14000 	C:\Windows\SYSTEM32\dbgcore.DLL
0x00007fff60ab0000 - 0x00007fff60b32000 	C:\Windows\System32\bcryptPrimitives.dll
0x00007fff43190000 - 0x00007fff431b8000 	C:\Program Files\Android\Android Studio\jbr\bin\java.dll
0x00007fff597e0000 - 0x00007fff597ea000 	C:\Program Files\Android\Android Studio\jbr\bin\jimage.dll
0x00007fff42fc0000 - 0x00007fff42fd8000 	C:\Program Files\Android\Android Studio\jbr\bin\zip.dll
0x00007fff61640000 - 0x00007fff61d84000 	C:\Windows\System32\SHELL32.dll
0x00007fff5e970000 - 0x00007fff5f103000 	C:\Windows\SYSTEM32\windows.storage.dll
0x00007fff62fc0000 - 0x00007fff63314000 	C:\Windows\System32\combase.dll
0x00007fff60430000 - 0x00007fff6045e000 	C:\Windows\SYSTEM32\Wldp.dll
0x00007fff62390000 - 0x00007fff6243d000 	C:\Windows\System32\SHCORE.dll
0x00007fff615e0000 - 0x00007fff61635000 	C:\Windows\System32\shlwapi.dll
0x00007fff609f0000 - 0x00007fff60a0f000 	C:\Windows\SYSTEM32\profapi.dll
0x00007fff40df0000 - 0x00007fff40e09000 	C:\Program Files\Android\Android Studio\jbr\bin\net.dll
0x00007fff58e40000 - 0x00007fff58f4a000 	C:\Windows\SYSTEM32\WINHTTP.dll
0x00007fff60210000 - 0x00007fff6027a000 	C:\Windows\system32\mswsock.dll
0x00007fff40bd0000 - 0x00007fff40be3000 	C:\Program Files\Android\Android Studio\jbr\bin\nio.dll
0x00007fff46d20000 - 0x00007fff46d47000 	C:\Users\DODO\.gradle\native\e1d6ef7f7dcc3fd88c89a11ec53ec762bb8ba0a96d01ffa2cd45eb1d1d8dd5c5\windows-amd64\native-platform.dll
0x00007fff1bd60000 - 0x00007fff1bea4000 	C:\Users\DODO\.gradle\native\0d407fdbe67a94daf76414ababcb853783967236a71b16ec16e742cd7a986fd3\windows-amd64\native-platform-file-events.dll
0x00007fff59740000 - 0x00007fff5974a000 	C:\Program Files\Android\Android Studio\jbr\bin\management.dll
0x00007fff57810000 - 0x00007fff5781b000 	C:\Program Files\Android\Android Studio\jbr\bin\management_ext.dll
0x00007fff60470000 - 0x00007fff60488000 	C:\Windows\SYSTEM32\CRYPTSP.dll
0x00007fff5fae0000 - 0x00007fff5fb14000 	C:\Windows\system32\rsaenh.dll
0x00007fff60bf0000 - 0x00007fff60c17000 	C:\Windows\System32\bcrypt.dll
0x00007fff609b0000 - 0x00007fff609de000 	C:\Windows\SYSTEM32\USERENV.dll
0x00007fff603a0000 - 0x00007fff603ac000 	C:\Windows\SYSTEM32\CRYPTBASE.dll
0x00007fff5fed0000 - 0x00007fff5ff0c000 	C:\Windows\SYSTEM32\IPHLPAPI.DLL
0x00007fff62d00000 - 0x00007fff62d08000 	C:\Windows\System32\NSI.dll
0x00007fff577f0000 - 0x00007fff57807000 	C:\Windows\SYSTEM32\dhcpcsvc6.DLL
0x00007fff57860000 - 0x00007fff5787d000 	C:\Windows\SYSTEM32\dhcpcsvc.DLL
0x00007fff5ff10000 - 0x00007fff5ffdb000 	C:\Windows\SYSTEM32\DNSAPI.dll

dbghelp: loaded successfully - version: 4.0.5 - missing functions: none
symbol engine: initialized successfully - sym options: 0x614 - pdb path: .;C:\Program Files\Android\Android Studio\jbr\bin;C:\Windows\SYSTEM32;C:\Program Files\AVG\Antivirus;C:\Windows\WinSxS\amd64_microsoft.windows.common-controls_6595b64144ccf1df_6.0.19041.1110_none_60b5254171f9507e;C:\Program Files\Android\Android Studio\jbr\bin\server;C:\Users\DODO\.gradle\native\e1d6ef7f7dcc3fd88c89a11ec53ec762bb8ba0a96d01ffa2cd45eb1d1d8dd5c5\windows-amd64;C:\Users\DODO\.gradle\native\0d407fdbe67a94daf76414ababcb853783967236a71b16ec16e742cd7a986fd3\windows-amd64

VM Arguments:
jvm_args: --add-opens=java.base/java.util=ALL-UNNAMED --add-opens=java.base/java.lang=ALL-UNNAMED --add-opens=java.base/java.lang.invoke=ALL-UNNAMED --add-opens=java.base/java.util=ALL-UNNAMED --add-opens=java.prefs/java.util.prefs=ALL-UNNAMED --add-opens=java.prefs/java.util.prefs=ALL-UNNAMED --add-opens=java.base/java.nio.charset=ALL-UNNAMED --add-opens=java.base/java.net=ALL-UNNAMED --add-opens=java.base/java.util.concurrent.atomic=ALL-UNNAMED -Xmx1536M -Dfile.encoding=windows-1252 -Duser.country=US -Duser.language=en -Duser.variant 
java_command: org.gradle.launcher.daemon.bootstrap.GradleDaemon 7.5
java_class_path (initial): C:\Users\DODO\.gradle\wrapper\dists\gradle-7.5-all\6qsw290k5lz422uaf8jf6m7co\gradle-7.5\lib\gradle-launcher-7.5.jar
Launcher Type: SUN_STANDARD

[Global flags]
     intx CICompilerCount                          = 3                                         {product} {ergonomic}
     uint ConcGCThreads                            = 1                                         {product} {ergonomic}
     uint G1ConcRefinementThreads                  = 4                                         {product} {ergonomic}
   size_t G1HeapRegionSize                         = 1048576                                   {product} {ergonomic}
    uintx GCDrainStackTargetSize                   = 64                                        {product} {ergonomic}
   size_t InitialHeapSize                          = 199229440                                 {product} {ergonomic}
   size_t MarkStackSize                            = 4194304                                   {product} {ergonomic}
   size_t MaxHeapSize                              = 1610612736                                {product} {command line}
   size_t MaxNewSize                               = 965738496                                 {product} {ergonomic}
   size_t MinHeapDeltaBytes                        = 1048576                                   {product} {ergonomic}
    uintx NonNMethodCodeHeapSize                   = 5830732                                {pd product} {ergonomic}
    uintx NonProfiledCodeHeapSize                  = 122913754                              {pd product} {ergonomic}
    uintx ProfiledCodeHeapSize                     = 122913754                              {pd product} {ergonomic}
    uintx ReservedCodeCacheSize                    = 251658240                              {pd product} {ergonomic}
     bool SegmentedCodeCache                       = true                                      {product} {ergonomic}
     bool UseCompressedClassPointers               = true                                 {lp64_product} {ergonomic}
     bool UseCompressedOops                        = true                                 {lp64_product} {ergonomic}
     bool UseG1GC                                  = true                                      {product} {ergonomic}
     bool UseLargePagesIndividualAllocation        = false                                  {pd product} {ergonomic}

Logging:
Log output configuration:
 #0: stdout all=warning uptime,level,tags
 #1: stderr all=off uptime,level,tags

Environment Variables:
JAVA_HOME=C:\Program Files\Android\Android Studio\jbr
CLASSPATH=C:\Users\DODO\StudioProjects\untitled1\android\\gradle\wrapper\gradle-wrapper.jar
PATH=C:\Python310\Scripts\;C:\Python310\;C:\Program Files (x86)\Common Files\Oracle\Java\javapath;C:\Windows\system32;C:\Windows;C:\Windows\System32\Wbem;C:\Windows\System32\WindowsPowerShell\v1.0\;C:\Windows\System32\OpenSSH\;C:\Program Files\dotnet\;C:\ProgramData\chocolatey\bin;C:\Program Files\nodejs\;E:\apache-maven-3.8.5\bin;;C:\Program Files\Docker\Docker\resources\bin;C:\Users\DODO\AppData\Local\Microsoft\WindowsApps;C:\Users\DODO\.dotnet\tools;C:\Users\DODO\AppData\Roaming\npm;C:\Users\DODO\Downloads\flutter\bin\mingit\cmd
USERNAME=DODO
OS=Windows_NT
PROCESSOR_IDENTIFIER=Intel64 Family 6 Model 78 Stepping 3, GenuineIntel



---------------  S Y S T E M  ---------------

OS: Windows 10 , 64 bit Build 19041 (10.0.19041.2913)
OS uptime: 0 days 3:37 hours
Hyper-V role detected

CPU:total 4 (initial active 4) (2 cores per cpu, 2 threads per core) family 6 model 78 stepping 3 microcode 0xcc, cmov, cx8, fxsr, mmx, sse, sse2, sse3, ssse3, sse4.1, sse4.2, popcnt, avx, avx2, aes, clmul, erms, 3dnowpref, lzcnt, ht, tsc, tscinvbit, bmi1, bmi2, adx, fma

Memory: 4k page, system-wide physical 12149M (869M free)
TotalPageFile size 18774M (AvailPageFile size 132M)
current process WorkingSet (physical memory assigned to process): 375M, peak: 388M
current process commit charge ("private bytes"): 429M, peak: 440M

vm_info: OpenJDK 64-Bit Server VM (11.0.15+0-b2043.56-9505619) for windows-amd64 JRE (11.0.15+0-b2043.56-9505619), built on Jan 19 2023 02:48:00 by "builduser" with unknown MS VC++:1929

END.
